0 info it worked if it ends with ok
1 verbose cli [ 'node', '/usr/local/bin/npm', 'install', '-g', 'coffee-script' ]
2 info using npm@2.13.3
3 info using node@v0.12.7
4 verbose install initial load of /usr/local/lib/package.json
5 verbose readDependencies loading dependencies from /usr/local/lib/package.json
6 silly cache add args [ 'coffee-script', null ]
7 verbose cache add spec coffee-script
8 silly cache add parsed spec { raw: 'coffee-script',
8 silly cache add   scope: null,
8 silly cache add   name: 'coffee-script',
8 silly cache add   rawSpec: '',
8 silly cache add   spec: '*',
8 silly cache add   type: 'range' }
9 silly addNamed coffee-script@*
10 verbose addNamed "*" is a valid semver range for coffee-script
11 silly addNameRange { name: 'coffee-script', range: '*', hasData: false }
12 silly mapToRegistry name coffee-script
13 silly mapToRegistry using default registry
14 silly mapToRegistry registry https://registry.npmjs.org/
15 silly mapToRegistry uri https://registry.npmjs.org/coffee-script
16 verbose addNameRange registry:https://registry.npmjs.org/coffee-script not in flight; fetching
17 verbose request uri https://registry.npmjs.org/coffee-script
18 verbose request no auth needed
19 info attempt registry request try #1 at 1:33:02 AM
20 verbose request id 7b15e24b97245409
21 verbose etag "369LNMHM1JM21Q2OHJ5KRRZXD"
22 http request GET https://registry.npmjs.org/coffee-script
23 http 304 https://registry.npmjs.org/coffee-script
24 silly get cb [ 304,
24 silly get   { date: 'Mon, 03 Aug 2015 05:33:03 GMT',
24 silly get     via: '1.1 varnish',
24 silly get     'cache-control': 'max-age=60',
24 silly get     etag: '"369LNMHM1JM21Q2OHJ5KRRZXD"',
24 silly get     age: '55',
24 silly get     connection: 'keep-alive',
24 silly get     'x-served-by': 'cache-atl6232-ATL',
24 silly get     'x-cache': 'HIT',
24 silly get     'x-cache-hits': '2',
24 silly get     'x-timer': 'S1438579983.071829,VS0,VE0',
24 silly get     vary: 'Accept' } ]
25 verbose etag https://registry.npmjs.org/coffee-script from cache
26 verbose get saving coffee-script to /Users/rachelbroering/.npm/registry.npmjs.org/coffee-script/.cache.json
27 silly addNameRange number 2 { name: 'coffee-script', range: '*', hasData: true }
28 silly addNameRange versions [ 'coffee-script',
28 silly addNameRange   [ '0.7.0',
28 silly addNameRange     '0.7.1',
28 silly addNameRange     '0.7.2',
28 silly addNameRange     '0.9.0',
28 silly addNameRange     '0.9.1',
28 silly addNameRange     '0.9.2',
28 silly addNameRange     '0.9.3',
28 silly addNameRange     '0.9.4',
28 silly addNameRange     '0.9.5',
28 silly addNameRange     '0.9.6',
28 silly addNameRange     '1.0.0',
28 silly addNameRange     '1.0.1',
28 silly addNameRange     '1.1.0',
28 silly addNameRange     '1.1.1',
28 silly addNameRange     '1.1.2',
28 silly addNameRange     '1.1.3',
28 silly addNameRange     '1.2.0',
28 silly addNameRange     '1.3.0',
28 silly addNameRange     '1.3.1',
28 silly addNameRange     '1.3.2',
28 silly addNameRange     '1.3.3',
28 silly addNameRange     '1.4.0',
28 silly addNameRange     '1.5.0',
28 silly addNameRange     '1.6.0',
28 silly addNameRange     '1.6.1',
28 silly addNameRange     '1.6.2',
28 silly addNameRange     '1.6.3',
28 silly addNameRange     '1.7.0',
28 silly addNameRange     '1.7.1',
28 silly addNameRange     '1.8.0',
28 silly addNameRange     '1.9.0',
28 silly addNameRange     '1.9.1',
28 silly addNameRange     '1.9.2',
28 silly addNameRange     '1.9.3' ] ]
29 silly addNamed coffee-script@1.9.3
30 verbose addNamed "1.9.3" is a plain semver version for coffee-script
31 silly cache afterAdd coffee-script@1.9.3
32 verbose afterAdd /Users/rachelbroering/.npm/coffee-script/1.9.3/package/package.json not in flight; writing
33 verbose afterAdd /Users/rachelbroering/.npm/coffee-script/1.9.3/package/package.json written
34 silly install resolved [ { name: 'coffee-script',
34 silly install resolved     description: 'Unfancy JavaScript',
34 silly install resolved     keywords: [ 'javascript', 'language', 'coffeescript', 'compiler' ],
34 silly install resolved     author: { name: 'Jeremy Ashkenas' },
34 silly install resolved     version: '1.9.3',
34 silly install resolved     license: 'MIT',
34 silly install resolved     engines: { node: '>=0.8.0' },
34 silly install resolved     directories: { lib: './lib/coffee-script' },
34 silly install resolved     main: './lib/coffee-script/coffee-script',
34 silly install resolved     bin: { coffee: './bin/coffee', cake: './bin/cake' },
34 silly install resolved     preferGlobal: true,
34 silly install resolved     scripts:
34 silly install resolved      { test: 'node ./bin/cake test',
34 silly install resolved        'test-harmony': 'node --harmony ./bin/cake test' },
34 silly install resolved     homepage: 'http://coffeescript.org',
34 silly install resolved     bugs: { url: 'https://github.com/jashkenas/coffeescript/issues' },
34 silly install resolved     repository:
34 silly install resolved      { type: 'git',
34 silly install resolved        url: 'git://github.com/jashkenas/coffeescript.git' },
34 silly install resolved     devDependencies:
34 silly install resolved      { 'uglify-js': '~2.2',
34 silly install resolved        jison: '>=0.2.0',
34 silly install resolved        'highlight.js': '~8.0.0',
34 silly install resolved        underscore: '~1.5.2',
34 silly install resolved        docco: '~0.7.0' },
34 silly install resolved     gitHead: 'c37f284771e10b36239c714dcc40827510a6df5f',
34 silly install resolved     _id: 'coffee-script@1.9.3',
34 silly install resolved     _shasum: '596e6e83fcfcb67c5964ab70d444beff0ac04ac7',
34 silly install resolved     _from: 'coffee-script@*',
34 silly install resolved     _npmVersion: '1.4.28',
34 silly install resolved     _npmUser: { name: 'jashkenas', email: 'jashkenas@gmail.com' },
34 silly install resolved     maintainers: [ [Object], [Object] ],
34 silly install resolved     dist:
34 silly install resolved      { shasum: '596e6e83fcfcb67c5964ab70d444beff0ac04ac7',
34 silly install resolved        tarball: 'http://registry.npmjs.org/coffee-script/-/coffee-script-1.9.3.tgz' },
34 silly install resolved     _resolved: 'https://registry.npmjs.org/coffee-script/-/coffee-script-1.9.3.tgz',
34 silly install resolved     readme: 'ERROR: No README data found!' } ]
35 info install coffee-script@1.9.3 into /usr/local/lib
36 info installOne coffee-script@1.9.3
37 verbose installOne of coffee-script to /usr/local/lib not in flight; installing
38 warn locking Error: EACCES, open '/Users/rachelbroering/.npm/_locks/coffee-script-7b01d0c2a8e2b5ed.lock'
38 warn locking     at Error (native)
38 warn locking  /Users/rachelbroering/.npm/_locks/coffee-script-7b01d0c2a8e2b5ed.lock failed { [Error: EACCES, open '/Users/rachelbroering/.npm/_locks/coffee-script-7b01d0c2a8e2b5ed.lock']
38 warn locking   errno: -13,
38 warn locking   code: 'EACCES',
38 warn locking   path: '/Users/rachelbroering/.npm/_locks/coffee-script-7b01d0c2a8e2b5ed.lock' }
39 verbose stack Error: Attempt to unlock /usr/local/lib/node_modules/coffee-script, which hasn't been locked
39 verbose stack     at unlock (/usr/local/lib/node_modules/npm/lib/utils/locker.js:64:11)
39 verbose stack     at cb (/usr/local/lib/node_modules/npm/lib/install.js:1018:5)
39 verbose stack     at /usr/local/lib/node_modules/npm/lib/install.js:1022:20
39 verbose stack     at /usr/local/lib/node_modules/npm/lib/utils/locker.js:39:7
39 verbose stack     at cb (/usr/local/lib/node_modules/npm/node_modules/lockfile/lockfile.js:149:38)
39 verbose stack     at /usr/local/lib/node_modules/npm/node_modules/lockfile/lockfile.js:177:38
39 verbose stack     at /usr/local/lib/node_modules/npm/node_modules/graceful-fs/graceful-fs.js:230:16
39 verbose stack     at FSReqWrap.oncomplete (fs.js:95:15)
40 verbose cwd /Volumes/HDD (OS X)/Backbone/More Tutorials/BackboneTutorials
41 error Darwin 14.4.0
42 error argv "node" "/usr/local/bin/npm" "install" "-g" "coffee-script"
43 error node v0.12.7
44 error npm  v2.13.3
45 error Attempt to unlock /usr/local/lib/node_modules/coffee-script, which hasn't been locked
46 error If you need help, you may report this error at:
46 error     <https://github.com/npm/npm/issues>
47 verbose exit [ 1, true ]
